<?xml version="1.0" encoding="UTF-8"?>
<!-- Generated by org.testng.reporters.JUnitXMLReporter -->
<testsuite hostname="EPRURYAW0080" name="FirefoxTest" tests="4" failures="1" timestamp="28 Jun 2017 06:33:57 GMT" time="42.564" errors="0">
  <testcase name="@AfterClass cleanUpAndLogOut" time="0.0" classname="mail.LogInTest">
    <failure type="java.lang.ClassCastException" message="com.sun.proxy.$Proxy10 cannot be cast to org.openqa.selenium.By">
      <![CDATA[java.lang.ClassCastException: com.sun.proxy.$Proxy10 cannot be cast to org.openqa.selenium.By
	at mail.LogInTest.cleanUpAndLogOut(LogInTest.java:187)
... Removed 24 stack frames]]>
    </failure>
  </testcase> <!-- @AfterClass cleanUpAndLogOut -->
  <testcase name="loginTest" time="1.011" classname="mail.LogInTest"/>
  <testcase name="writeLetterTest" time="11.737" classname="mail.LogInTest">
    <failure type="org.openqa.selenium.NoSuchElementException" message="Unable to locate element: {&amp;quot;method&amp;quot;:&amp;quot;xpath&amp;quot;,&amp;quot;selector&amp;quot;:&amp;quot;//textarea[@data-original-name=&amp;apos;To&amp;apos;]&amp;quot;}
Command duration or timeout: 11.70 seconds
For documentation on this error, please visit: http://seleniumhq.org/exceptions/no_such_element.html
Build info: version: &amp;apos;2.53.0&amp;apos;, revision: &amp;apos;35ae25b&amp;apos;, time: &amp;apos;2016-03-15 16:57:40&amp;apos;
System info: host: &amp;apos;EPRURYAW0080&amp;apos;, ip: &amp;apos;10.19.13.114&amp;apos;, os.name: &amp;apos;Windows 10&amp;apos;, os.arch: &amp;apos;x86&amp;apos;, os.version: &amp;apos;10.0&amp;apos;, java.version: &amp;apos;1.8.0_111&amp;apos;
Driver info: org.openqa.selenium.firefox.FirefoxDriver
Capabilities [{applicationCacheEnabled=true, rotatable=false, handlesAlerts=true, databaseEnabled=true, version=36.0.1, platform=WINDOWS, nativeEvents=false, acceptSslCerts=true, webStorageEnabled=true, locationContextEnabled=true, browserName=firefox, takesScreenshot=true, javascriptEnabled=true, cssSelectorsEnabled=true}]
Session ID: aed72fdd-fa79-4ca0-8008-8bfa4be343a1
*** Element info: {Using=xpath, value=//textarea[@data-original-name=&amp;apos;To&amp;apos;]}">
      <![CDATA[org.openqa.selenium.NoSuchElementException: Unable to locate element: {"method":"xpath","selector":"//textarea[@data-original-name='To']"}
Command duration or timeout: 11.70 seconds
For documentation on this error, please visit: http://seleniumhq.org/exceptions/no_such_element.html
Build info: version: '2.53.0', revision: '35ae25b', time: '2016-03-15 16:57:40'
System info: host: 'EPRURYAW0080', ip: '10.19.13.114', os.name: 'Windows 10', os.arch: 'x86', os.version: '10.0', java.version: '1.8.0_111'
Driver info: org.openqa.selenium.firefox.FirefoxDriver
Capabilities [{applicationCacheEnabled=true, rotatable=false, handlesAlerts=true, databaseEnabled=true, version=36.0.1, platform=WINDOWS, nativeEvents=false, acceptSslCerts=true, webStorageEnabled=true, locationContextEnabled=true, browserName=firefox, takesScreenshot=true, javascriptEnabled=true, cssSelectorsEnabled=true}]
Session ID: aed72fdd-fa79-4ca0-8008-8bfa4be343a1
*** Element info: {Using=xpath, value=//textarea[@data-original-name='To']}
	at org.openqa.selenium.remote.ErrorHandler.createThrowable(ErrorHandler.java:206)
	at org.openqa.selenium.remote.ErrorHandler.throwIfResponseFailed(ErrorHandler.java:158)
	at org.openqa.selenium.remote.RemoteWebDriver.execute(RemoteWebDriver.java:678)
	at org.openqa.selenium.remote.RemoteWebDriver.findElement(RemoteWebDriver.java:363)
	at org.openqa.selenium.remote.RemoteWebDriver.findElementByXPath(RemoteWebDriver.java:500)
	at org.openqa.selenium.By$ByXPath.findElement(By.java:361)
	at org.openqa.selenium.remote.RemoteWebDriver.findElement(RemoteWebDriver.java:355)
	at org.openqa.selenium.support.pagefactory.DefaultElementLocator.findElement(DefaultElementLocator.java:69)
	at org.openqa.selenium.support.pagefactory.internal.LocatingElementHandler.invoke(LocatingElementHandler.java:38)
	at com.sun.proxy.$Proxy10.click(Unknown Source)
	at pages.MailPage.writeAddress(MailPage.java:73)
	at mail.LogInTest.writeLetterTest(LogInTest.java:119)
Caused by: org.openqa.selenium.NoSuchElementException: Unable to locate element: {"method":"xpath","selector":"//textarea[@data-original-name='To']"}
For documentation on this error, please visit: http://seleniumhq.org/exceptions/no_such_element.html
Build info: version: '2.53.0', revision: '35ae25b', time: '2016-03-15 16:57:40'
System info: host: 'EPRURYAW0080', ip: '10.19.13.114', os.name: 'Windows 10', os.arch: 'x86', os.version: '10.0', java.version: '1.8.0_111'
Driver info: driver.version: unknown
	at <anonymous class>.FirefoxDriver.prototype.findElementInternal_(file:///C:/Users/ANNA_I~1/AppData/Local/Temp/anonymous2816231794056086695webdriver-profile/extensions/fxdriver@googlecode.com/components/driver-component.js:10770)
	at <anonymous class>.fxdriver.Timer.prototype.setTimeout/<.notify(file:///C:/Users/ANNA_I~1/AppData/Local/Temp/anonymous2816231794056086695webdriver-profile/extensions/fxdriver@googlecode.com/components/driver-component.js:625)
... Removed 28 stack frames]]>
    </failure>
  </testcase> <!-- writeLetterTest -->
  <testcase name="writeLetterTest" time="13.698" classname="mail.LogInTest"/>
  <testcase name="sendLetterTest" time="0.0" classname="mail.LogInTest">
    <skipped/>
  </testcase> <!-- sendLetterTest -->
</testsuite> <!-- FirefoxTest -->
