<?xml version="1.0" encoding="UTF-8"?>
<!-- Generated by org.testng.reporters.JUnitXMLReporter -->
<testsuite hostname="EPRURYAW0080" ignored="0" name="Command line test" tests="3" failures="0" timestamp="28 Jun 2017 06:44:39 GMT" time="0.026" errors="0">
  <testcase name="@BeforeClass setUp" time="0.0" classname="test.java.LogInTest">
    <failure type="org.testng.TestNGException" message="
Parameter &amp;apos;browser&amp;apos; is required by BeforeClass on method setUp but has not been marked @Optional or defined
">
      <![CDATA[org.testng.TestNGException: 
Parameter 'browser' is required by BeforeClass on method setUp but has not been marked @Optional or defined

... Removed 31 stack frames]]>
    </failure>
  </testcase> <!-- @BeforeClass setUp -->
  <testcase name="@AfterMethod driverWait" time="0.0" classname="test.java.LogInTest">
    <skipped/>
  </testcase> <!-- @AfterMethod driverWait -->
  <testcase name="@AfterClass cleanUpAndLogOut" time="0.0" classname="test.java.LogInTest">
    <skipped/>
  </testcase> <!-- @AfterClass cleanUpAndLogOut -->
  <testcase name="loginTest" time="0.005" classname="test.java.LogInTest">
    <skipped/>
  </testcase> <!-- loginTest -->
  <testcase name="writeLetterTest" time="0.0" classname="test.java.LogInTest">
    <skipped/>
  </testcase> <!-- writeLetterTest -->
  <testcase name="sendLetterTest" time="0.0" classname="test.java.LogInTest">
    <skipped/>
  </testcase> <!-- sendLetterTest -->
</testsuite> <!-- Command line test -->
